<?xml version="1.0" encoding="UTF-8"?>
<testng-results skipped="0" failed="0" ignored="0" total="1" passed="1">
  <reporter-output>
  </reporter-output>
  <suite name="learningWorld.TestLearn" duration-ms="146" started-at="2021-11-28T12:45:10Z" finished-at="2021-11-28T12:45:10Z">
    <groups>
    </groups>
    <test name="Command line test" duration-ms="146" started-at="2021-11-28T12:45:10Z" finished-at="2021-11-28T12:45:10Z">
      <class name="learningWorld.TestLearn">
        <test-method status="PASS" signature="testLearn()[pri:0, instance:learningWorld.TestLearn@c818063]" name="testLearn" duration-ms="32" started-at="2021-11-28T12:45:10Z" finished-at="2021-11-28T12:45:10Z">
          <reporter-output>
          </reporter-output>
        </test-method> <!-- testLearn -->
      </class> <!-- learningWorld.TestLearn -->
    </test> <!-- Command line test -->
  </suite> <!-- learningWorld.TestLearn -->
</testng-results>
